[2025-11-19T18:15:00Z] Started EB User Data
+ SLEEP_TIME=2
+ SLEEP_TIME_MAX=3600
+ true
+ curl https://elasticbeanstalk-platform-assets-us-east-1.s3.amazonaws.com/stalks/eb_corretto21_amazon_linux_2023_1.0.1315.0_20251101152428/lib/UserDataScript.sh
  % Total    % Received % Xferd  Average Speed   Time    Time     Time  Current
                                 Dload  Upload   Total   Spent    Left  Speed
  0     0    0     0    0     0      0      0 --:--:-- --:--:-- --:--:--     0100  4838  100  4838    0     0  12276      0 --:--:-- --:--:-- --:--:-- 12935
+ RESULT=0
+ [[ 0 -ne 0 ]]
+ /bin/bash /tmp/ebbootstrap.sh 'https://cloudformation-waitcondition-us-east-1.s3.amazonaws.com/arn%3Aaws%3Acloudformation%3Aus-east-1%3A458670759445%3Astack/awseb-e-cu2jsk4scv-stack/85415e50-c573-11f0-b389-0afffa8444ef/8543cf50-c573-11f0-b389-0afffa8444ef/AWSEBInstanceLaunchWaitHandle?X-Amz-Algorithm=AWS4-HMAC-SHA256&X-Amz-Date=20251119T181403Z&X-Amz-SignedHeaders=host&X-Amz-Expires=86399&X-Amz-Credential=AKIA6L7Q4OWT3JRXU3BZ%2F20251119%2Fus-east-1%2Fs3%2Faws4_request&X-Amz-Signature=770316c0c5cb8d4650f1f403f19d7cfce9794ed5a3a6e182f19211d7177d0aab' arn:aws:cloudformation:us-east-1:458670759445:stack/awseb-e-cu2jsk4scv-stack/85415e50-c573-11f0-b389-0afffa8444ef db6e29a8-9e87-48f8-bbc8-67979ea522c8 https://elasticbeanstalk-health.us-east-1.amazonaws.com '' https://elasticbeanstalk-platform-assets-us-east-1.s3.amazonaws.com/stalks/eb_corretto21_amazon_linux_2023_1.0.1315.0_20251101152428 us-east-1
[2025-11-19T18:15:01.065Z] Started EB Bootstrapping Script.
[2025-11-19T18:15:01.085Z] Received parameters:
 TARBALLS = 
 EB_GEMS = 
 SIGNAL_URL = https://cloudformation-waitcondition-us-east-1.s3.amazonaws.com/arn%3Aaws%3Acloudformation%3Aus-east-1%3A458670759445%3Astack/awseb-e-cu2jsk4scv-stack/85415e50-c573-11f0-b389-0afffa8444ef/8543cf50-c573-11f0-b389-0afffa8444ef/AWSEBInstanceLaunchWaitHandle?X-Amz-Algorithm=AWS4-HMAC-SHA256&X-Amz-Date=20251119T181403Z&X-Amz-SignedHeaders=host&X-Amz-Expires=86399&X-Amz-Credential=AKIA6L7Q4OWT3JRXU3BZ%2F20251119%2Fus-east-1%2Fs3%2Faws4_request&X-Amz-Signature=770316c0c5cb8d4650f1f403f19d7cfce9794ed5a3a6e182f19211d7177d0aab
 STACK_ID = arn:aws:cloudformation:us-east-1:458670759445:stack/awseb-e-cu2jsk4scv-stack/85415e50-c573-11f0-b389-0afffa8444ef
 REGION = us-east-1
 GUID = 
 HEALTHD_GROUP_ID = db6e29a8-9e87-48f8-bbc8-67979ea522c8
 HEALTHD_ENDPOINT = https://elasticbeanstalk-health.us-east-1.amazonaws.com
 PROXY_SERVER = 
 HEALTHD_PROXY_LOG_LOCATION = 
 PLATFORM_ASSETS_URL = https://elasticbeanstalk-platform-assets-us-east-1.s3.amazonaws.com/stalks/eb_corretto21_amazon_linux_2023_1.0.1315.0_20251101152428
[2025-11-19T18:15:01.126Z] engine url is set to https://elasticbeanstalk-platform-assets-us-east-1.s3.amazonaws.com/stalks/eb_corretto21_amazon_linux_2023_1.0.1315.0_20251101152428/lib/platform-engine.zip
[2025-11-19T18:15:01.140Z] first init of instance.
[2025-11-19T18:15:01.156Z] Started executing cfn_init _OnInstanceBoot.
[2025-11-19T18:15:01.188Z] Running cfn-init ConfigSet: _OnInstanceBoot.
[2025-11-19T18:15:01.237Z] Using stack-id from userdata
[2025-11-19T18:15:02.668Z] Command Returned: 
[2025-11-19T18:15:02.675Z] Completed executing cfn_init.
[2025-11-19T18:15:02.677Z] finished _OnInstanceBoot
[2025-11-19T18:15:02.683Z] installing platform engine
2025-11-19 18:15:03 URL:https://elasticbeanstalk-platform-assets-us-east-1.s3.amazonaws.com/stalks/eb_corretto21_amazon_linux_2023_1.0.1315.0_20251101152428/lib/platform-engine.zip [33622261/33622261] -> "/tmp/platform-engine.zip" [1]
[2025-11-19T18:15:03.899Z] executing platform engine. see /var/log/eb-engine.log.
[2025-11-19T18:15:08.923Z] Successfully bootstrapped instance.
[2025-11-19T18:15:08.927Z] Sending signal 0 to CFN wait condition https://cloudformation-waitcondition-us-east-1.s3.amazonaws.com/arn%3Aaws%3Acloudformation%3Aus-east-1%3A458670759445%3Astack/awseb-e-cu2jsk4scv-stack/85415e50-c573-11f0-b389-0afffa8444ef/8543cf50-c573-11f0-b389-0afffa8444ef/AWSEBInstanceLaunchWaitHandle?X-Amz-Algorithm=AWS4-HMAC-SHA256&X-Amz-Date=20251119T181403Z&X-Amz-SignedHeaders=host&X-Amz-Expires=86399&X-Amz-Credential=AKIA6L7Q4OWT3JRXU3BZ%2F20251119%2Fus-east-1%2Fs3%2Faws4_request&X-Amz-Signature=770316c0c5cb8d4650f1f403f19d7cfce9794ed5a3a6e182f19211d7177d0aab
CloudFormation signaled successfully with status SUCCESS
[2025-11-19T18:15:09.377Z] Tailing /var/log/eb-engine.log

******************* eb-engine taillog *******************
2025/11/19 18:15:07.792416 [INFO] Running command: /usr/bin/id -u healthd || /usr/sbin/useradd --user-group healthd -s /sbin/nologin --create-home
2025/11/19 18:15:07.969084 [INFO] /usr/bin/id: ‘healthd’: no such user

2025/11/19 18:15:07.969582 [INFO] configure bundle log for healthd...
2025/11/19 18:15:07.969651 [INFO] Executing instruction: GetSetupProxyLog
2025/11/19 18:15:07.969735 [INFO] Skipping Install yum packages
2025/11/19 18:15:07.969740 [INFO] Skipping Configure java alternatives
2025/11/19 18:15:07.969745 [INFO] Skipping Install java dependency (ant/maven/gradle)
2025/11/19 18:15:07.969748 [INFO] Skipping MarkBaked
2025/11/19 18:15:07.969754 [INFO] Instance has NOT been bootstrapped
2025/11/19 18:15:07.969757 [INFO] Executing instruction: TuneSystemSettings
2025/11/19 18:15:07.969760 [INFO] Starting TuneSystemSettings
2025/11/19 18:15:07.969765 [INFO] Instance has NOT been bootstrapped
2025/11/19 18:15:07.971358 [INFO] Executing instruction: GetSetupLogRotate
2025/11/19 18:15:07.971366 [INFO] Initialize LogRotate files and directories
2025/11/19 18:15:07.990953 [INFO] Instance has NOT been bootstrapped
2025/11/19 18:15:07.990970 [INFO] Executing instruction: BootstrapCFNHup
2025/11/19 18:15:07.990973 [INFO] Bootstrap cfn-hup
2025/11/19 18:15:07.993291 [INFO] Copying file /opt/elasticbeanstalk/config/private/aws-eb-command-handler.conf to /etc/cfn/hooks.d/aws-eb-command-handler.conf
2025/11/19 18:15:07.994585 [INFO] Executing instruction: StartCFNHup
2025/11/19 18:15:07.994598 [INFO] Start cfn-hup
2025/11/19 18:15:07.994614 [INFO] Running command: systemctl show -p PartOf cfn-hup.service
2025/11/19 18:15:08.011019 [INFO] cfn-hup is not registered with EB yet, registering it now
2025/11/19 18:15:08.011055 [INFO] Running command: systemctl show -p PartOf cfn-hup.service
2025/11/19 18:15:08.028019 [INFO] Running command: systemctl daemon-reload
2025/11/19 18:15:08.281681 [INFO] Running command: systemctl reset-failed
2025/11/19 18:15:08.292257 [INFO] Running command: systemctl is-enabled aws-eb.target
2025/11/19 18:15:08.302346 [INFO] Running command: systemctl enable aws-eb.target
2025/11/19 18:15:08.550178 [INFO] Running command: systemctl start aws-eb.target
2025/11/19 18:15:08.560262 [INFO] Running command: systemctl enable cfn-hup.service
2025/11/19 18:15:08.805257 [INFO] Created symlink /etc/systemd/system/multi-user.target.wants/cfn-hup.service → /etc/systemd/system/cfn-hup.service.

2025/11/19 18:15:08.805290 [INFO] Running command: systemctl is-active cfn-hup.service
2025/11/19 18:15:08.814044 [INFO] cfn-hup process is not running, starting it now
2025/11/19 18:15:08.814073 [INFO] Running command: systemctl show -p PartOf cfn-hup.service
2025/11/19 18:15:08.824719 [INFO] Running command: systemctl is-active cfn-hup.service
2025/11/19 18:15:08.832563 [INFO] Running command: systemctl start cfn-hup.service
2025/11/19 18:15:08.918408 [INFO] Instance has NOT been bootstrapped
2025/11/19 18:15:08.918426 [INFO] Executing instruction: SetupPublishLogCronjob
2025/11/19 18:15:08.918429 [INFO] Setup publish logs cron job...
2025/11/19 18:15:08.918436 [INFO] Copying file /opt/elasticbeanstalk/config/private/logtasks/cron/publishlogs to /etc/cron.d/publishlogs
2025/11/19 18:15:08.920332 [INFO] Instance has NOT been bootstrapped
2025/11/19 18:15:08.920356 [INFO] Executing instruction: MarkBootstrapped
2025/11/19 18:15:08.920359 [INFO] Starting MarkBootstrapped
2025/11/19 18:15:08.920364 [INFO] Instance has NOT been bootstrapped
2025/11/19 18:15:08.920465 [INFO] Marked instance as Bootstrapped
2025/11/19 18:15:08.920469 [INFO] Executing instruction: Save CFN Stack Info
2025/11/19 18:15:08.920523 [INFO] Executing cleanup logic
2025/11/19 18:15:08.920534 [INFO] Platform Engine finished execution on command: env-launch
******************* End of taillog *******************


[2025-11-19T18:15:09.382Z] Tailing /var/log/eb-tools.log

******************* eb-tools taillog *******************
***eb-tools is not available yet.***
******************* End of taillog *******************


[2025-11-19T18:15:09.385Z] Tailing /var/log/eb-hooks.log

******************* eb-hooks taillog *******************
***eb-hooks is not available yet.***
******************* End of taillog *******************


[2025-11-19T18:15:09.388Z] Tailing /var/log/cfn-init.log

******************* cfn-init taillog *******************
2025-11-19 18:15:02,272 [INFO] -----------------------Starting build-----------------------
2025-11-19 18:15:02,283 [INFO] Running configSets: _OnInstanceBoot
2025-11-19 18:15:02,290 [INFO] Running configSet _OnInstanceBoot
2025-11-19 18:15:02,294 [INFO] Running config AWSEBBaseConfig
2025-11-19 18:15:02,587 [INFO] Command clearbackupfiles succeeded
2025-11-19 18:15:02,592 [INFO] Running config AWSEBCfnHupEndpointOverride
2025-11-19 18:15:02,601 [INFO] Command clearbackupfiles succeeded
2025-11-19 18:15:02,602 [INFO] ConfigSets completed
2025-11-19 18:15:02,603 [INFO] -----------------------Build complete-----------------------
******************* End of taillog *******************


[2025-11-19T18:15:09.392Z] Tailing /var/log/cfn-hup.log

******************* cfn-hup taillog *******************
2025-11-19 18:15:09,244 [DEBUG] CloudFormation client initialized with endpoint https://cloudformation.us-east-1.amazonaws.com
2025-11-19 18:15:09,245 [DEBUG] SQS client initialized with endpoint https://sqs.us-east-1.amazonaws.com
2025-11-19 18:15:09,245 [DEBUG] CloudFormation client initialized with endpoint https://cloudformation.us-east-1.amazonaws.com
2025-11-19 18:15:09,245 [DEBUG] Enabled single threading mode.
2025-11-19 18:15:09,245 [DEBUG] Creating /var/lib/cfn-hup/data
2025-11-19 18:15:09,265 [INFO] No umask value specified in config file. Using the default one: 0o22
2025-11-19 18:15:09,317 [INFO] Pid: 1791
******************* End of taillog *******************


[2025-11-19T18:15:09.396Z] Completed EB Bootstrapping Script.
+ RESULT=0
+ [[ 0 -ne 0 ]]
+ exit 0
