2025/11/19 18:15:03.905822 [INFO] Starting...
2025/11/19 18:15:03.905865 [INFO] Starting EBPlatform-PlatformEngine
2025/11/19 18:15:03.905948 [INFO] reading event message file
2025/11/19 18:15:03.906304 [INFO] Engine received EB command userdata-exec

2025/11/19 18:15:03.913492 [INFO] Running command: /opt/aws/bin/cfn-get-metadata -s arn:aws:cloudformation:us-east-1:458670759445:stack/awseb-e-cu2jsk4scv-stack/85415e50-c573-11f0-b389-0afffa8444ef -r AWSEBAutoScalingGroup --region us-east-1
2025/11/19 18:15:07.393089 [INFO] Running command: /opt/aws/bin/cfn-get-metadata -s arn:aws:cloudformation:us-east-1:458670759445:stack/awseb-e-cu2jsk4scv-stack/85415e50-c573-11f0-b389-0afffa8444ef -r AWSEBBeanstalkMetadata --region us-east-1
2025/11/19 18:15:07.780731 [INFO] This is a workflow controlled instance.
2025/11/19 18:15:07.780820 [INFO] Engine command: (env-launch)

2025/11/19 18:15:07.781735 [INFO] Executing instruction: SyncClock
2025/11/19 18:15:07.781741 [INFO] Starting SyncClock
2025/11/19 18:15:07.781751 [INFO] Running command: /usr/bin/chronyc tracking
2025/11/19 18:15:07.789144 [INFO] Reference ID    : A9FEA97B (169.254.169.123)
Stratum         : 4
Ref time (UTC)  : Wed Nov 19 18:15:06 2025
System time     : 0.000000000 seconds slow of NTP time
Last offset     : -1.060743332 seconds
RMS offset      : 1.060743332 seconds
Frequency       : 4.225 ppm slow
Residual freq   : -10.760 ppm
Skew            : 0.375 ppm
Root delay      : 0.001171925 seconds
Root dispersion : 0.000189386 seconds
Update interval : 0.0 seconds
Leap status     : Normal

2025/11/19 18:15:07.789176 [INFO] Running command: /usr/bin/chronyc -a makestep
2025/11/19 18:15:07.792289 [INFO] 200 OK

2025/11/19 18:15:07.792338 [INFO] Skipping Configure OS
2025/11/19 18:15:07.792343 [INFO] Skipping LockRepo
2025/11/19 18:15:07.792347 [INFO] Skipping GenerateEBBanner
2025/11/19 18:15:07.792351 [INFO] Skipping Install Process Manager
2025/11/19 18:15:07.792355 [INFO] Skipping install syslog
2025/11/19 18:15:07.792358 [INFO] Skipping install cron
2025/11/19 18:15:07.792362 [INFO] Skipping install proxy
2025/11/19 18:15:07.792366 [INFO] Skipping installhealthd
2025/11/19 18:15:07.792369 [INFO] Skipping Install Log Streaming Manager
2025/11/19 18:15:07.792373 [INFO] Skipping install X-Ray
2025/11/19 18:15:07.792377 [INFO] Skipping install Third Party License
2025/11/19 18:15:07.792382 [INFO] Instance has NOT been bootstrapped
2025/11/19 18:15:07.792384 [INFO] Executing instruction: installSqsd
2025/11/19 18:15:07.792387 [INFO] This is a web server environment instance, skip install sqsd daemon ...
2025/11/19 18:15:07.792391 [INFO] Instance has NOT been bootstrapped
2025/11/19 18:15:07.792393 [INFO] Executing instruction: bootstraphealthd
2025/11/19 18:15:07.792396 [INFO] this is an enhanced health env ...
2025/11/19 18:15:07.792405 [INFO] bootstrap healthd....
2025/11/19 18:15:07.792416 [INFO] Running command: /usr/bin/id -u healthd || /usr/sbin/useradd --user-group healthd -s /sbin/nologin --create-home
2025/11/19 18:15:07.969084 [INFO] /usr/bin/id: ‘healthd’: no such user

2025/11/19 18:15:07.969582 [INFO] configure bundle log for healthd...
2025/11/19 18:15:07.969651 [INFO] Executing instruction: GetSetupProxyLog
2025/11/19 18:15:07.969735 [INFO] Skipping Install yum packages
2025/11/19 18:15:07.969740 [INFO] Skipping Configure java alternatives
2025/11/19 18:15:07.969745 [INFO] Skipping Install java dependency (ant/maven/gradle)
2025/11/19 18:15:07.969748 [INFO] Skipping MarkBaked
2025/11/19 18:15:07.969754 [INFO] Instance has NOT been bootstrapped
2025/11/19 18:15:07.969757 [INFO] Executing instruction: TuneSystemSettings
2025/11/19 18:15:07.969760 [INFO] Starting TuneSystemSettings
2025/11/19 18:15:07.969765 [INFO] Instance has NOT been bootstrapped
2025/11/19 18:15:07.971358 [INFO] Executing instruction: GetSetupLogRotate
2025/11/19 18:15:07.971366 [INFO] Initialize LogRotate files and directories
2025/11/19 18:15:07.990953 [INFO] Instance has NOT been bootstrapped
2025/11/19 18:15:07.990970 [INFO] Executing instruction: BootstrapCFNHup
2025/11/19 18:15:07.990973 [INFO] Bootstrap cfn-hup
2025/11/19 18:15:07.993291 [INFO] Copying file /opt/elasticbeanstalk/config/private/aws-eb-command-handler.conf to /etc/cfn/hooks.d/aws-eb-command-handler.conf
2025/11/19 18:15:07.994585 [INFO] Executing instruction: StartCFNHup
2025/11/19 18:15:07.994598 [INFO] Start cfn-hup
2025/11/19 18:15:07.994614 [INFO] Running command: systemctl show -p PartOf cfn-hup.service
2025/11/19 18:15:08.011019 [INFO] cfn-hup is not registered with EB yet, registering it now
2025/11/19 18:15:08.011055 [INFO] Running command: systemctl show -p PartOf cfn-hup.service
2025/11/19 18:15:08.028019 [INFO] Running command: systemctl daemon-reload
2025/11/19 18:15:08.281681 [INFO] Running command: systemctl reset-failed
2025/11/19 18:15:08.292257 [INFO] Running command: systemctl is-enabled aws-eb.target
2025/11/19 18:15:08.302346 [INFO] Running command: systemctl enable aws-eb.target
2025/11/19 18:15:08.550178 [INFO] Running command: systemctl start aws-eb.target
2025/11/19 18:15:08.560262 [INFO] Running command: systemctl enable cfn-hup.service
2025/11/19 18:15:08.805257 [INFO] Created symlink /etc/systemd/system/multi-user.target.wants/cfn-hup.service → /etc/systemd/system/cfn-hup.service.

2025/11/19 18:15:08.805290 [INFO] Running command: systemctl is-active cfn-hup.service
2025/11/19 18:15:08.814044 [INFO] cfn-hup process is not running, starting it now
2025/11/19 18:15:08.814073 [INFO] Running command: systemctl show -p PartOf cfn-hup.service
2025/11/19 18:15:08.824719 [INFO] Running command: systemctl is-active cfn-hup.service
2025/11/19 18:15:08.832563 [INFO] Running command: systemctl start cfn-hup.service
2025/11/19 18:15:08.918408 [INFO] Instance has NOT been bootstrapped
2025/11/19 18:15:08.918426 [INFO] Executing instruction: SetupPublishLogCronjob
2025/11/19 18:15:08.918429 [INFO] Setup publish logs cron job...
2025/11/19 18:15:08.918436 [INFO] Copying file /opt/elasticbeanstalk/config/private/logtasks/cron/publishlogs to /etc/cron.d/publishlogs
2025/11/19 18:15:08.920332 [INFO] Instance has NOT been bootstrapped
2025/11/19 18:15:08.920356 [INFO] Executing instruction: MarkBootstrapped
2025/11/19 18:15:08.920359 [INFO] Starting MarkBootstrapped
2025/11/19 18:15:08.920364 [INFO] Instance has NOT been bootstrapped
2025/11/19 18:15:08.920465 [INFO] Marked instance as Bootstrapped
2025/11/19 18:15:08.920469 [INFO] Executing instruction: Save CFN Stack Info
2025/11/19 18:15:08.920523 [INFO] Executing cleanup logic
2025/11/19 18:15:08.920534 [INFO] Platform Engine finished execution on command: env-launch

2025/11/19 18:15:33.570893 [INFO] Starting...
2025/11/19 18:15:33.570938 [INFO] Starting EBPlatform-PlatformEngine
2025/11/19 18:15:33.570960 [INFO] reading event message file
2025/11/19 18:15:33.571281 [INFO] Engine received EB command cfn-hup-exec

2025/11/19 18:15:33.650153 [INFO] Running command: /opt/aws/bin/cfn-get-metadata -s arn:aws:cloudformation:us-east-1:458670759445:stack/awseb-e-cu2jsk4scv-stack/85415e50-c573-11f0-b389-0afffa8444ef -r AWSEBAutoScalingGroup --region us-east-1
2025/11/19 18:15:33.954700 [INFO] Running command: /opt/aws/bin/cfn-get-metadata -s arn:aws:cloudformation:us-east-1:458670759445:stack/awseb-e-cu2jsk4scv-stack/85415e50-c573-11f0-b389-0afffa8444ef -r AWSEBBeanstalkMetadata --region us-east-1
2025/11/19 18:15:34.254805 [INFO] checking whether command app-deploy is applicable to this instance...
2025/11/19 18:15:34.254818 [INFO] this command is applicable to the instance, thus instance should execute command
2025/11/19 18:15:34.254824 [INFO] Engine command: (app-deploy)

2025/11/19 18:15:34.254828 [INFO] Downloading EB Application...
2025/11/19 18:15:34.254830 [INFO] Region: us-east-1
2025/11/19 18:15:34.254832 [INFO] envID: e-cu2jsk4scv
2025/11/19 18:15:34.254834 [INFO] envBucket: elasticbeanstalk-us-east-1-458670759445
2025/11/19 18:15:34.254836 [INFO] accountID: 458670759445
2025/11/19 18:15:34.254839 [INFO] Using manifest file name from command request
2025/11/19 18:15:34.254845 [INFO] Unable to get version manifest file.
2025/11/19 18:15:34.254847 [INFO] Downloading latest manifest available.
2025/11/19 18:15:34.254853 [INFO] Download latest app version manifest
2025/11/19 18:15:34.254999 [INFO] resources/environments/e-cu2jsk4scv/_runtime/versions/manifest
2025/11/19 18:15:34.297498 [INFO] latestManifest key *: resources/environments/e-cu2jsk4scv/_runtime/versions/manifest_1763576038976

2025/11/19 18:15:34.297739 [INFO] Downloading: bucket: elasticbeanstalk-us-east-1-458670759445, object: resources/environments/e-cu2jsk4scv/_runtime/versions/manifest_1763576038976, expected bucket owner: 458670759445
2025/11/19 18:15:34.338596 [INFO] Download successful157bytes downloaded
2025/11/19 18:15:34.338761 [INFO] Trying to read and parse version manifest...
2025/11/19 18:15:34.338859 [INFO] Downloading: bucket: elasticbeanstalk-us-east-1-458670759445, object: resources/environments/e-cu2jsk4scv/_runtime/_versions/tienda-backend/app-ae47-251119_131121163196, expected bucket owner: 458670759445
2025/11/19 18:15:34.971295 [INFO] Download successful63828943bytes downloaded
2025/11/19 18:15:34.973424 [INFO] Executing instruction: ElectLeader
2025/11/19 18:15:34.973434 [INFO] Running leader election for instance i-014a5d752574fb984...
2025/11/19 18:15:34.973439 [INFO] Calling the cfn-elect-cmd-leader to elect the command leader.
2025/11/19 18:15:34.973491 [INFO] Running command: /opt/aws/bin/cfn-elect-cmd-leader --stack arn:aws:cloudformation:us-east-1:458670759445:stack/awseb-e-cu2jsk4scv-stack/85415e50-c573-11f0-b389-0afffa8444ef --command-name ElasticBeanstalkCommand-AWSEBAutoScalingGroup --invocation-id 46334e04-b61a-471d-bd5e-e4972c39614a --listener-id i-014a5d752574fb984 --region us-east-1
2025/11/19 18:15:35.292125 [INFO] Instance is Leader.
2025/11/19 18:15:35.292189 [INFO] Executing instruction: stopSqsd
2025/11/19 18:15:35.292196 [INFO] This is a web server environment instance, skip stop sqsd daemon ...
2025/11/19 18:15:35.292200 [INFO] Executing instruction: PreBuildEbExtension
2025/11/19 18:15:35.292204 [INFO] Starting executing the config set Infra-EmbeddedPreBuild.
2025/11/19 18:15:35.292219 [INFO] Running command: /opt/aws/bin/cfn-init -s arn:aws:cloudformation:us-east-1:458670759445:stack/awseb-e-cu2jsk4scv-stack/85415e50-c573-11f0-b389-0afffa8444ef -r AWSEBAutoScalingGroup --region us-east-1 --configsets Infra-EmbeddedPreBuild
2025/11/19 18:15:35.628649 [INFO] Finished executing the config set Infra-EmbeddedPreBuild.

2025/11/19 18:15:35.628676 [INFO] Executing instruction: StageJavaApplication
2025/11/19 18:15:35.628680 [INFO] Recreating /var/app/staging/
2025/11/19 18:15:35.628824 [INFO] Running command: /usr/bin/file /opt/elasticbeanstalk/deployment/app_source_bundle
2025/11/19 18:15:35.650259 [INFO] /opt/elasticbeanstalk/deployment/app_source_bundle: Zip archive data, at least v2.0 to extract

2025/11/19 18:15:35.650401 [INFO] extracting /opt/elasticbeanstalk/deployment/app_source_bundle to /tmp/extracted_app_source_bundle
2025/11/19 18:15:35.650413 [INFO] Running command: /usr/bin/unzip -q -o /opt/elasticbeanstalk/deployment/app_source_bundle -d /tmp/extracted_app_source_bundle
2025/11/19 18:15:36.191813 [INFO] finished extracting /opt/elasticbeanstalk/deployment/app_source_bundle to /tmp/extracted_app_source_bundle successfully
2025/11/19 18:15:36.191893 [INFO] app source bundle is zip file ...
2025/11/19 18:15:36.191901 [INFO] extracting /opt/elasticbeanstalk/deployment/app_source_bundle to /var/app/staging/
2025/11/19 18:15:36.191912 [INFO] Running command: /usr/bin/unzip -q -o /opt/elasticbeanstalk/deployment/app_source_bundle -d /var/app/staging/
2025/11/19 18:15:36.735281 [INFO] finished extracting /opt/elasticbeanstalk/deployment/app_source_bundle to /var/app/staging/ successfully
2025/11/19 18:15:36.737353 [INFO] Executing instruction: RunAppDeployPreBuildHooks
2025/11/19 18:15:36.737382 [INFO] Running command: uname -m
2025/11/19 18:15:36.739498 [INFO] x86_64

2025/11/19 18:15:36.739651 [INFO] Executing platform hooks in .platform/hooks/prebuild/
2025/11/19 18:15:36.739679 [INFO] The dir .platform/hooks/prebuild/ does not exist
2025/11/19 18:15:36.739683 [INFO] Finished running scripts in /var/app/staging/.platform/hooks/prebuild
2025/11/19 18:15:36.739697 [INFO] Executing instruction: Java Specific Build Application
2025/11/19 18:15:36.739705 [INFO] no buildfile found, skip building java application
2025/11/19 18:15:36.739712 [INFO] old env file for build tasks does not exist
2025/11/19 18:15:36.739714 [INFO] Executing instruction: CheckProcfileForJavaApplication
2025/11/19 18:15:36.739721 [INFO] Executing instruction: configure X-Ray
2025/11/19 18:15:36.739724 [INFO] X-Ray is not enabled.
2025/11/19 18:15:36.739726 [INFO] Executing instruction: configure proxy server
2025/11/19 18:15:36.739736 [INFO] Recreating /var/proxy/staging/nginx
2025/11/19 18:15:36.749514 [INFO] Executing instruction: configure healthd specific proxy conf
2025/11/19 18:15:36.751600 [INFO] Running command: systemctl show -p PartOf healthd.service
2025/11/19 18:15:36.764014 [INFO] Running command: systemctl daemon-reload
2025/11/19 18:15:37.014471 [INFO] Running command: systemctl reset-failed
2025/11/19 18:15:37.023075 [INFO] Running command: systemctl is-enabled aws-eb.target
2025/11/19 18:15:37.031033 [INFO] Running command: systemctl enable aws-eb.target
2025/11/19 18:15:37.323229 [INFO] Running command: systemctl start aws-eb.target
2025/11/19 18:15:37.332053 [INFO] Running command: systemctl enable healthd.service
2025/11/19 18:15:37.572833 [INFO] Created symlink /etc/systemd/system/multi-user.target.wants/healthd.service → /etc/systemd/system/healthd.service.

2025/11/19 18:15:37.572871 [INFO] Running command: systemctl show -p PartOf healthd.service
2025/11/19 18:15:37.584399 [INFO] Running command: systemctl is-active healthd.service
2025/11/19 18:15:37.592270 [INFO] Running command: systemctl start healthd.service
2025/11/19 18:15:37.657565 [INFO] Copying file /opt/elasticbeanstalk/config/private/healthd/healthd_logformat.conf to /var/proxy/staging/nginx/conf.d/healthd_logformat.conf
2025/11/19 18:15:37.658865 [INFO] Copying file /opt/elasticbeanstalk/config/private/healthd/healthd_nginx.conf to /var/proxy/staging/nginx/conf.d/elasticbeanstalk/healthd.conf
2025/11/19 18:15:37.660221 [INFO] Executing instruction: configure log streaming
2025/11/19 18:15:37.660235 [INFO] log streaming is not enabled
2025/11/19 18:15:37.660238 [INFO] disable log stream
2025/11/19 18:15:37.660251 [INFO] Running command: systemctl show -p PartOf amazon-cloudwatch-agent.service
2025/11/19 18:15:37.677973 [INFO] Running command: systemctl stop amazon-cloudwatch-agent.service
2025/11/19 18:15:37.696179 [INFO] Executing instruction: GetToggleForceRotate
2025/11/19 18:15:37.696204 [INFO] Checking if logs need forced rotation
2025/11/19 18:15:37.696226 [INFO] Running command: /opt/aws/bin/cfn-get-metadata -s arn:aws:cloudformation:us-east-1:458670759445:stack/awseb-e-cu2jsk4scv-stack/85415e50-c573-11f0-b389-0afffa8444ef -r AWSEBAutoScalingGroup --region us-east-1
2025/11/19 18:15:38.110432 [INFO] Running command: /opt/aws/bin/cfn-get-metadata -s arn:aws:cloudformation:us-east-1:458670759445:stack/awseb-e-cu2jsk4scv-stack/85415e50-c573-11f0-b389-0afffa8444ef -r AWSEBBeanstalkMetadata --region us-east-1
2025/11/19 18:15:38.516064 [INFO] Generating rsyslog config from Procfile
2025/11/19 18:15:38.518381 [INFO] Running command: systemctl restart rsyslog.service
2025/11/19 18:15:39.108926 [INFO] Executing instruction: PostBuildEbExtension
2025/11/19 18:15:39.108990 [INFO] Running command: uname -m
2025/11/19 18:15:39.111760 [INFO] x86_64

2025/11/19 18:15:39.111778 [INFO] Starting executing the config set Infra-EmbeddedPostBuild.
2025/11/19 18:15:39.111801 [INFO] Running command: /opt/aws/bin/cfn-init -s arn:aws:cloudformation:us-east-1:458670759445:stack/awseb-e-cu2jsk4scv-stack/85415e50-c573-11f0-b389-0afffa8444ef -r AWSEBAutoScalingGroup --region us-east-1 --configsets Infra-EmbeddedPostBuild
2025/11/19 18:15:39.441682 [INFO] Finished executing the config set Infra-EmbeddedPostBuild.

2025/11/19 18:15:39.441706 [INFO] Executing instruction: CleanEbExtensions
2025/11/19 18:15:39.441947 [INFO] Cleaned ebextensions subdirectories from app staging directory.
2025/11/19 18:15:39.442035 [INFO] Executing instruction: RunAppDeployPreDeployHooks
2025/11/19 18:15:39.442059 [INFO] Running command: uname -m
2025/11/19 18:15:39.444483 [INFO] x86_64

2025/11/19 18:15:39.444530 [INFO] Executing platform hooks in .platform/hooks/predeploy/
2025/11/19 18:15:39.444548 [INFO] The dir .platform/hooks/predeploy/ does not exist
2025/11/19 18:15:39.444550 [INFO] Finished running scripts in /var/app/staging/.platform/hooks/predeploy
2025/11/19 18:15:39.444556 [INFO] Executing instruction: stop X-Ray
2025/11/19 18:15:39.444558 [INFO] stop X-Ray ...
2025/11/19 18:15:39.444569 [INFO] Running command: systemctl show -p PartOf xray.service
2025/11/19 18:15:39.459530 [WARN] stopProcess Warning: process xray is not registered 
2025/11/19 18:15:39.459564 [INFO] Running command: systemctl stop xray.service
2025/11/19 18:15:39.475470 [INFO] Executing instruction: stop proxy
2025/11/19 18:15:39.475512 [INFO] Running command: systemctl show -p PartOf httpd.service
2025/11/19 18:15:39.485737 [WARN] deregisterProcess Warning: process httpd is not registered, skipping...

2025/11/19 18:15:39.485771 [INFO] Running command: systemctl show -p PartOf nginx.service
2025/11/19 18:15:39.500327 [WARN] deregisterProcess Warning: process nginx is not registered, skipping...

2025/11/19 18:15:39.500354 [INFO] Executing instruction: FlipApplication
2025/11/19 18:15:39.500358 [INFO] Fetching environment variables...
2025/11/19 18:15:39.500374 [INFO] Running command: uname -m
2025/11/19 18:15:39.502845 [INFO] x86_64

2025/11/19 18:15:39.503005 [INFO] Purge old process...
2025/11/19 18:15:39.503075 [INFO] Removing /var/app/current/ if it exists
2025/11/19 18:15:39.503084 [INFO] Renaming /var/app/staging/ to /var/app/current/
2025/11/19 18:15:39.503108 [INFO] Register application processes...
2025/11/19 18:15:39.503114 [INFO] Registering the proc: web

2025/11/19 18:15:39.503124 [INFO] Running command: systemctl show -p PartOf web.service
2025/11/19 18:15:39.517082 [INFO] Running command: systemctl daemon-reload
2025/11/19 18:15:39.779540 [INFO] Running command: systemctl reset-failed
2025/11/19 18:15:39.788052 [INFO] Running command: systemctl is-enabled eb-app.target
2025/11/19 18:15:39.796335 [INFO] Copying file /opt/elasticbeanstalk/config/private/aws-eb.target to /etc/systemd/system/eb-app.target
2025/11/19 18:15:39.797697 [INFO] Running command: systemctl enable eb-app.target
2025/11/19 18:15:40.085599 [INFO] Created symlink /etc/systemd/system/multi-user.target.wants/eb-app.target → /etc/systemd/system/eb-app.target.

2025/11/19 18:15:40.085637 [INFO] Running command: systemctl start eb-app.target
2025/11/19 18:15:40.094928 [INFO] Running command: systemctl enable web.service
2025/11/19 18:15:40.341950 [INFO] Created symlink /etc/systemd/system/multi-user.target.wants/web.service → /etc/systemd/system/web.service.

2025/11/19 18:15:40.341996 [INFO] Running command: systemctl show -p PartOf web.service
2025/11/19 18:15:40.353058 [INFO] Running command: systemctl is-active web.service
2025/11/19 18:15:40.360514 [INFO] Running command: systemctl start web.service
2025/11/19 18:15:40.475823 [INFO] Job for web.service failed because the control process exited with error code.
See "systemctl status web.service" and "journalctl -xeu web.service" for details.

2025/11/19 18:15:40.475869 [ERROR] An error occurred during execution of command [app-deploy] - [FlipApplication]. Stop running the command. Error: Register application failed because the registration of proc web failed: 
startProcess Failure: starting process "web" failed: Command systemctl start web.service failed with error exit status 1. Stderr:Job for web.service failed because the control process exited with error code.
See "systemctl status web.service" and "journalctl -xeu web.service" for details.
 
 

2025/11/19 18:15:40.475877 [INFO] Executing cleanup logic
2025/11/19 18:15:40.475978 [INFO] CommandService Response: {"status":"FAILURE","api_version":"1.0","results":[{"status":"FAILURE","msg":"Engine execution has encountered an error.","returncode":1,"events":[{"msg":"Instance deployment used the commands in your 'Procfile' to initiate startup of your application.","timestamp":1763576136739,"severity":"INFO"},{"msg":"Instance deployment failed. For details, see 'eb-engine.log'.","timestamp":1763576140475,"severity":"ERROR"}]}]}

2025/11/19 18:15:40.476181 [INFO] Platform Engine finished execution on command: app-deploy

2025/11/19 18:19:53.890270 [INFO] Starting...
2025/11/19 18:19:53.890330 [INFO] Starting EBPlatform-PlatformEngine
2025/11/19 18:19:53.890354 [INFO] reading event message file
2025/11/19 18:19:53.890718 [INFO] Engine received EB command cfn-hup-exec

2025/11/19 18:19:53.972101 [INFO] Running command: /opt/aws/bin/cfn-get-metadata -s arn:aws:cloudformation:us-east-1:458670759445:stack/awseb-e-cu2jsk4scv-stack/85415e50-c573-11f0-b389-0afffa8444ef -r AWSEBAutoScalingGroup --region us-east-1
2025/11/19 18:19:54.282336 [INFO] Running command: /opt/aws/bin/cfn-get-metadata -s arn:aws:cloudformation:us-east-1:458670759445:stack/awseb-e-cu2jsk4scv-stack/85415e50-c573-11f0-b389-0afffa8444ef -r AWSEBBeanstalkMetadata --region us-east-1
2025/11/19 18:19:54.587634 [INFO] checking whether command tail-log is applicable to this instance...
2025/11/19 18:19:54.587649 [INFO] this command is applicable to the instance, thus instance should execute command
2025/11/19 18:19:54.587652 [INFO] Engine command: (tail-log)

2025/11/19 18:19:54.587713 [INFO] Executing instruction: GetTailLogs
2025/11/19 18:19:54.587718 [INFO] Tail Logs...
2025/11/19 18:19:54.588186 [INFO] Running command: tail -n 100 /var/log/eb-hooks.log
2025/11/19 18:19:54.590445 [INFO] Running command: tail -n 100 /var/log/web.stdout.log
2025/11/19 18:19:54.592352 [INFO] Running command: tail -n 100 /var/log/eb-engine.log
2025/11/19 18:19:54.665269 [INFO] Executing cleanup logic
2025/11/19 18:19:54.665513 [INFO] CommandService Response: {"status":"SUCCESS","api_version":"1.0","results":[{"status":"SUCCESS","msg":"Engine execution has succeeded.","returncode":0,"events":[{"msg":"Instance deployment completed successfully.","timestamp":1763576394665,"severity":"INFO"}]}]}

2025/11/19 18:19:54.665637 [INFO] Platform Engine finished execution on command: tail-log

2025/11/19 18:22:55.332639 [INFO] Starting...
2025/11/19 18:22:55.332692 [INFO] Starting EBPlatform-PlatformEngine
2025/11/19 18:22:55.332713 [INFO] reading event message file
2025/11/19 18:22:55.333023 [INFO] Engine received EB command cfn-hup-exec

2025/11/19 18:22:55.406117 [INFO] Running command: /opt/aws/bin/cfn-get-metadata -s arn:aws:cloudformation:us-east-1:458670759445:stack/awseb-e-cu2jsk4scv-stack/85415e50-c573-11f0-b389-0afffa8444ef -r AWSEBAutoScalingGroup --region us-east-1
2025/11/19 18:22:55.707760 [INFO] Running command: /opt/aws/bin/cfn-get-metadata -s arn:aws:cloudformation:us-east-1:458670759445:stack/awseb-e-cu2jsk4scv-stack/85415e50-c573-11f0-b389-0afffa8444ef -r AWSEBBeanstalkMetadata --region us-east-1
2025/11/19 18:22:56.035318 [INFO] checking whether command bundle-log is applicable to this instance...
2025/11/19 18:22:56.035331 [INFO] this command is applicable to the instance, thus instance should execute command
2025/11/19 18:22:56.035333 [INFO] Engine command: (bundle-log)

2025/11/19 18:22:56.035392 [INFO] Executing instruction: GetBundleLogs
2025/11/19 18:22:56.035396 [INFO] Bundle Logs...
